-outxml
-source
1.8
-target
1.8
-classpath
C:\Users\Anna\.m2\repository\antlr\antlr\2.7.6\antlr-2.7.6.jar;C:\Users\Anna\.m2\repository\aopalliance\aopalliance\1.0\aopalliance-1.0.jar;C:\Users\Anna\.m2\repository\asm\asm\1.5.3\asm-1.5.3.jar;C:\Users\Anna\.m2\repository\asm\asm-attrs\1.5.3\asm-attrs-1.5.3.jar;C:\Users\Anna\.m2\repository\cglib\cglib\2.1_3\cglib-2.1_3.jar;C:\Users\Anna\.m2\repository\com\efsavage\jquery\jquery-maven\1.8.2\jquery-maven-1.8.2.jar;C:\Users\Anna\.m2\repository\com\efsavage\twitter\bootstrap\bootstrap-maven\2.3.1\bootstrap-maven-2.3.1.jar;C:\Users\Anna\.m2\repository\com\fasterxml\jackson\core\jackson-annotations\2.5.0\jackson-annotations-2.5.0.jar;C:\Users\Anna\.m2\repository\com\fasterxml\jackson\core\jackson-core\2.5.0\jackson-core-2.5.0.jar;C:\Users\Anna\.m2\repository\com\fasterxml\jackson\core\jackson-databind\2.5.0\jackson-databind-2.5.0.jar;C:\Users\Anna\.m2\repository\commons-collections\commons-collections\3.1\commons-collections-3.1.jar;C:\Users\Anna\.m2\repository\commons-logging\commons-logging\1.0.4\commons-logging-1.0.4.jar;C:\Users\Anna\.m2\repository\dom4j\dom4j\1.6.1\dom4j-1.6.1.jar;C:\Users\Anna\.m2\repository\javax\inject\javax.inject\1\javax.inject-1.jar;C:\Users\Anna\.m2\repository\javax\persistence\persistence-api\1.0\persistence-api-1.0.jar;C:\Users\Anna\.m2\repository\javax\servlet\jstl\1.2\jstl-1.2.jar;C:\Users\Anna\.m2\repository\javax\servlet\servlet-api\2.5\servlet-api-2.5.jar;C:\Users\Anna\.m2\repository\javax\servlet\jsp\jsp-api\2.1\jsp-api-2.1.jar;C:\Users\Anna\.m2\repository\javax\transaction\jta\1.1\jta-1.1.jar;C:\Users\Anna\.m2\repository\junit\junit\4.7\junit-4.7.jar;C:\Users\Anna\.m2\repository\log4j\log4j\1.2.16\log4j-1.2.16.jar;C:\Users\Anna\.m2\repository\mysql\mysql-connector-java\5.1.6\mysql-connector-java-5.1.6.jar;C:\Users\Anna\.m2\repository\net\sf\ehcache\ehcache\1.2.3\ehcache-1.2.3.jar;C:\Users\Anna\.m2\repository\org\aspectj\aspectjrt\1.8.0\aspectjrt-1.8.0.jar;C:\Users\Anna\.m2\repository\org\aspectj\aspectjweaver\1.6.8\aspectjweaver-1.6.8.jar;C:\Users\Anna\.m2\repository\org\codehaus\jackson\jackson-core-asl\1.9.13\jackson-core-asl-1.9.13.jar;C:\Users\Anna\.m2\repository\org\codehaus\jackson\jackson-mapper-asl\1.9.13\jackson-mapper-asl-1.9.13.jar;C:\Users\Anna\.m2\repository\org\hibernate\ejb3-persistence\1.0.1.GA\ejb3-persistence-1.0.1.GA.jar;C:\Users\Anna\.m2\repository\org\hibernate\hibernate\3.2.6.ga\hibernate-3.2.6.ga.jar;C:\Users\Anna\.m2\repository\org\hibernate\hibernate-annotations\3.3.1.GA\hibernate-annotations-3.3.1.GA.jar;C:\Users\Anna\.m2\repository\org\hibernate\hibernate-commons-annotations\3.3.0.ga\hibernate-commons-annotations-3.3.0.ga.jar;C:\Users\Anna\.m2\repository\org\hibernate\hibernate-core\3.3.2.GA\hibernate-core-3.3.2.GA.jar;C:\Users\Anna\.m2\repository\org\slf4j\jcl-over-slf4j\1.5.10\jcl-over-slf4j-1.5.10.jar;C:\Users\Anna\.m2\repository\org\slf4j\slf4j-api\1.5.10\slf4j-api-1.5.10.jar;C:\Users\Anna\.m2\repository\org\slf4j\slf4j-log4j12\1.5.10\slf4j-log4j12-1.5.10.jar;C:\Users\Anna\.m2\repository\org\springframework\spring-aop\4.2.2.BUILD-SNAPSHOT\spring-aop-4.2.2.BUILD-SNAPSHOT.jar;C:\Users\Anna\.m2\repository\org\springframework\spring-beans\4.2.2.BUILD-SNAPSHOT\spring-beans-4.2.2.BUILD-SNAPSHOT.jar;C:\Users\Anna\.m2\repository\org\springframework\spring-context\4.2.2.BUILD-SNAPSHOT\spring-context-4.2.2.BUILD-SNAPSHOT.jar;C:\Users\Anna\.m2\repository\org\springframework\spring-core\4.2.2.BUILD-SNAPSHOT\spring-core-4.2.2.BUILD-SNAPSHOT.jar;C:\Users\Anna\.m2\repository\org\springframework\spring-expression\4.2.2.BUILD-SNAPSHOT\spring-expression-4.2.2.BUILD-SNAPSHOT.jar;C:\Users\Anna\.m2\repository\org\springframework\spring-jdbc\4.2.2.BUILD-SNAPSHOT\spring-jdbc-4.2.2.BUILD-SNAPSHOT.jar;C:\Users\Anna\.m2\repository\org\springframework\spring-orm\4.2.2.BUILD-SNAPSHOT\spring-orm-4.2.2.BUILD-SNAPSHOT.jar;C:\Users\Anna\.m2\repository\org\springframework\spring-tx\4.2.2.BUILD-SNAPSHOT\spring-tx-4.2.2.BUILD-SNAPSHOT.jar;C:\Users\Anna\.m2\repository\org\springframework\spring-web\4.2.2.BUILD-SNAPSHOT\spring-web-4.2.2.BUILD-SNAPSHOT.jar;C:\Users\Anna\.m2\repository\org\springframework\spring-webmvc\4.2.2.BUILD-SNAPSHOT\spring-webmvc-4.2.2.BUILD-SNAPSHOT.jar;C:\Users\Anna\.m2\repository\org\springframework\roo\org.springframework.roo.annotations\1.0.2.RELEASE\org.springframework.roo.annotations-1.0.2.RELEASE.jar;C:\Users\Anna\.m2\repository\org\springframework\security\spring-security-config\3.0.5.RELEASE\spring-security-config-3.0.5.RELEASE.jar;C:\Users\Anna\.m2\repository\org\springframework\security\spring-security-core\3.0.5.RELEASE\spring-security-core-3.0.5.RELEASE.jar;C:\Users\Anna\.m2\repository\org\springframework\security\spring-security-web\3.0.5.RELEASE\spring-security-web-3.0.5.RELEASE.jar;C:\Users\Anna\.m2\repository\xml-apis\xml-apis\1.0.b2\xml-apis-1.0.b2.jar;E:\java\ChoceCameraSpring\target\classes
-d
E:\java\ChoceCameraSpring\target\classes
E:\java\ChoceCameraSpring\src\main\java\by\gstu\choicecamera\domain\compare\ApertureCompare.java
E:\java\ChoceCameraSpring\src\main\java\by\gstu\choicecamera\manager\ConfigManager.java
E:\java\ChoceCameraSpring\src\main\java\by\gstu\choicecamera\domain\Camera.java
E:\java\ChoceCameraSpring\src\main\java\by\gstu\choicecamera\manager\MessageManager.java
E:\java\ChoceCameraSpring\src\main\java\by\gstu\choicecamera\web\controller\ExpertController.java
E:\java\ChoceCameraSpring\src\main\java\by\gstu\choicecamera\web\dto\SortHelper.java
E:\java\ChoceCameraSpring\src\main\java\by\gstu\choicecamera\domain\compare\WeightCompare.java
E:\java\ChoceCameraSpring\src\main\java\by\gstu\choicecamera\domain\compare\DateCompare.java
E:\java\ChoceCameraSpring\src\main\java\by\gstu\choicecamera\web\controller\CameraController.java
E:\java\ChoceCameraSpring\src\main\java\by\gstu\choicecamera\web\dto\JQueryDataTableParamModel.java
E:\java\ChoceCameraSpring\src\main\java\by\gstu\choicecamera\service\CameraServiceImpl.java
E:\java\ChoceCameraSpring\src\main\java\by\gstu\choicecamera\domain\Expert.java
E:\java\ChoceCameraSpring\src\main\java\by\gstu\choicecamera\service\CameraService.java
E:\java\ChoceCameraSpring\src\main\java\by\gstu\choicecamera\web\validator\UserFormValidator.java
E:\java\ChoceCameraSpring\src\main\java\by\gstu\choicecamera\domain\optimization\MultiCriterion.java
E:\java\ChoceCameraSpring\src\main\java\by\gstu\choicecamera\web\controller\UserController.java
E:\java\ChoceCameraSpring\src\main\java\by\gstu\choicecamera\util\SessionUtil.java
E:\java\ChoceCameraSpring\src\main\java\by\gstu\choicecamera\dao\UserDAOImpl.java
E:\java\ChoceCameraSpring\src\main\java\by\gstu\choicecamera\service\UserServiceImpl.java
E:\java\ChoceCameraSpring\src\main\java\by\gstu\choicecamera\dao\ExpertDAOImpl.java
E:\java\ChoceCameraSpring\src\main\java\by\gstu\choicecamera\manager\Role.java
E:\java\ChoceCameraSpring\src\main\java\by\gstu\choicecamera\service\UserService.java
E:\java\ChoceCameraSpring\src\main\java\by\gstu\choicecamera\web\controller\LoginLogoutController.java
E:\java\ChoceCameraSpring\src\main\java\by\gstu\choicecamera\dao\CameraDAO.java
E:\java\ChoceCameraSpring\src\main\java\by\gstu\choicecamera\domain\compare\MatrixDotCompare.java
E:\java\ChoceCameraSpring\src\main\java\by\gstu\choicecamera\domain\compare\CostCompare.java
E:\java\ChoceCameraSpring\src\main\java\by\gstu\choicecamera\domain\ExpertExtended.java
E:\java\ChoceCameraSpring\src\main\java\by\gstu\choicecamera\manager\Locale.java
E:\java\ChoceCameraSpring\src\main\java\by\gstu\choicecamera\service\ExpertService.java
E:\java\ChoceCameraSpring\src\main\java\by\gstu\choicecamera\web\validator\ExpertFormValidator.java
E:\java\ChoceCameraSpring\src\main\java\by\gstu\choicecamera\web\dto\JsonDTO.java
E:\java\ChoceCameraSpring\src\main\java\by\gstu\choicecamera\domain\compare\ManufacturerCompare.java
E:\java\ChoceCameraSpring\src\main\java\by\gstu\choicecamera\dao\UserDAO.java
E:\java\ChoceCameraSpring\src\main\java\by\gstu\choicecamera\service\ExpertServiceImpl.java
E:\java\ChoceCameraSpring\src\main\java\by\gstu\choicecamera\dao\CameraDAOImpl.java
E:\java\ChoceCameraSpring\src\main\java\by\gstu\choicecamera\domain\CameraWithMarks.java
E:\java\ChoceCameraSpring\src\main\java\by\gstu\choicecamera\web\validator\CameraFormValidator.java
E:\java\ChoceCameraSpring\src\main\java\by\gstu\choicecamera\dao\ExpertDAO.java
E:\java\ChoceCameraSpring\src\main\java\by\gstu\choicecamera\domain\optimization\OneCriterion.java
E:\java\ChoceCameraSpring\src\main\java\by\gstu\choicecamera\domain\Manufacturers.java
E:\java\ChoceCameraSpring\src\main\java\by\gstu\choicecamera\web\controller\MainController.java
E:\java\ChoceCameraSpring\src\main\java\by\gstu\choicecamera\domain\User.java
E:\java\ChoceCameraSpring\src\main\java\by\gstu\choicecamera\util\Tuple.java
